<?xml version="1.0" encoding="UTF-8"?>
<!-- Generated by org.testng.reporters.JUnitXMLReporter -->
<testsuite hostname="HPDB0273" ignored="0" name="Default test" tests="5" failures="0" timestamp="12 Jul 2018 11:53:52 GMT" time="16.704" errors="0">
  <testcase name="checkAfterClickingAdvanceCourse" time="0.364" classname="AdvanceTatocTest.TatocAdvanceCourseTest"/>
  <testcase name="checkAfterClickingGonextInMenu2InHoverPage" time="0.269" classname="AdvanceTatocTest.TatocAdvanceCourseTest"/>
  <testcase name="checkAfterRetrievingValidDataFromDatabaseAbdSubmittingInQueryGatePage" time="1.491" classname="AdvanceTatocTest.TatocAdvanceCourseTest"/>
  <testcase name="checkAfterGettingTokenForCurrentSessionIdAndRegisterRestService" time="3.183" classname="AdvanceTatocTest.TatocAdvanceCourseTest"/>
  <testcase name="checkAfterDownloadingFileAndAddingSignature" time="5.532" classname="AdvanceTatocTest.TatocAdvanceCourseTest"/>
</testsuite> <!-- Default test -->
